<?xml version="1.0" encoding="UTF-8"?>
<testng-results ignored="0" total="1" passed="1" failed="0" skipped="0">
  <reporter-output>
  </reporter-output>
  <suite started-at="2025-07-25T15:04:05 IST" name="Default suite" finished-at="2025-07-25T15:04:55 IST" duration-ms="49528">
    <groups>
    </groups>
    <test started-at="2025-07-25T15:04:05 IST" name="Default test" finished-at="2025-07-25T15:04:55 IST" duration-ms="49528">
      <class name="com.locatorsdemo.LinkTextandPartialLinkText">
        <test-method is-config="true" signature="setup()[pri:0, instance:com.locatorsdemo.LinkTextandPartialLinkText@77c2494c]" started-at="2025-07-25T15:04:05 IST" name="setup" finished-at="2025-07-25T15:04:08 IST" duration-ms="2919" status="PASS">
          <reporter-output>
          </reporter-output>
        </test-method> <!-- setup -->
        <test-method signature="linkTest()[pri:0, instance:com.locatorsdemo.LinkTextandPartialLinkText@77c2494c]" started-at="2025-07-25T15:04:08 IST" name="linkTest" finished-at="2025-07-25T15:04:55 IST" duration-ms="46573" status="PASS">
          <reporter-output>
          </reporter-output>
        </test-method> <!-- linkTest -->
      </class> <!-- com.locatorsdemo.LinkTextandPartialLinkText -->
    </test> <!-- Default test -->
  </suite> <!-- Default suite -->
</testng-results>
