<?xml version="1.0" encoding="UTF-8"?>
<testng-results ignored="0" total="1" passed="1" failed="0" skipped="0">
  <reporter-output>
  </reporter-output>
  <suite started-at="2025-07-28T10:33:50 IST" name="Default suite" finished-at="2025-07-28T10:34:04 IST" duration-ms="13466">
    <groups>
    </groups>
    <test started-at="2025-07-28T10:33:50 IST" name="Default test" finished-at="2025-07-28T10:34:04 IST" duration-ms="13466">
      <class name="HandlingAlerts.Rediff">
        <test-method signature="TestPopups()[pri:0, instance:HandlingAlerts.Rediff@1bb5a082]" started-at="2025-07-28T10:33:50 IST" name="TestPopups" finished-at="2025-07-28T10:34:04 IST" duration-ms="13430" status="PASS">
          <reporter-output>
          </reporter-output>
        </test-method> <!-- TestPopups -->
      </class> <!-- HandlingAlerts.Rediff -->
    </test> <!-- Default test -->
  </suite> <!-- Default suite -->
</testng-results>
