<?xml version="1.0" encoding="UTF-8"?>
<testng-results ignored="0" total="1" passed="1" failed="0" skipped="0">
  <reporter-output>
  </reporter-output>
  <suite started-at="2025-07-25T15:45:27 IST" name="Default suite" finished-at="2025-07-25T15:45:32 IST" duration-ms="5562">
    <groups>
    </groups>
    <test started-at="2025-07-25T15:45:27 IST" name="Default test" finished-at="2025-07-25T15:45:32 IST" duration-ms="5562">
      <class name="com.example.FacebookMonthList">
        <test-method signature="FaceBookMonth()[pri:0, instance:com.example.FacebookMonthList@1bb5a082]" started-at="2025-07-25T15:45:27 IST" name="FaceBookMonth" finished-at="2025-07-25T15:45:32 IST" duration-ms="5530" status="PASS">
          <reporter-output>
          </reporter-output>
        </test-method> <!-- FaceBookMonth -->
      </class> <!-- com.example.FacebookMonthList -->
    </test> <!-- Default test -->
  </suite> <!-- Default suite -->
</testng-results>
